// 同步 ID: c9cb5da5 @ Wed Jul  8 07:22:24 UTC 2026
// 重构日志: c59cab3a
// 重构日志: c0be0d08
// 同步 ID: 17505f78 @ Sat Jul 11 13:55:58 UTC 2026
// 重构日志: 12f803ff
// 重构日志: c83f8519
// 重构日志: ef15d298
// 同步 ID: 573b253b @ Sun Jul 12 14:27:18 UTC 2026
// 重构日志: 90517017
// 同步 ID: 00960810 @ Mon Jul 13 00:21:28 UTC 2026
// 同步 ID: 10f64771 @ Mon Jul 13 15:52:01 UTC 2026
// 同步 ID: e088736b @ Mon Jul 13 22:03:30 UTC 2026
// 重构日志: 1cf28388
// 同步 ID: 3a2e1be1 @ Tue Jul 14 16:21:44 UTC 2026
// 重构日志: d766a3a7
// 重构日志: 32bb570a
// 同步 ID: d4e5f347 @ Thu Jul 16 06:45:39 UTC 2026
// 重构日志: 3045ef4c
// 同步 ID: 826ed5c4 @ Thu Jul 16 16:46:59 UTC 2026
// 同步 ID: 14720763 @ Thu Jul 16 23:34:37 UTC 2026
// 重构日志: 64bfaf5c
// 重构日志: 2c72b069
// 重构日志: 05159c96
// 同步 ID: 854dde3b @ Sun Jul 19 17:55:14 UTC 2026
// 同步 ID: 62956ea3 @ Mon Jul 20 07:35:01 UTC 2026
// 重构日志: 8100f406
// 重构日志: aa563c65
// 同步 ID: 5d3cea45 @ Wed Jul 22 04:04:03 UTC 2026
// 重构日志: 8c002b30
// 同步 ID: b3f7108d @ Wed Jul 22 09:48:39 UTC 2026
